<?xml version="1.0" encoding="UTF-8"?>
<!-- Generated by org.testng.reporters.JUnitXMLReporter -->
<testsuite ignored="0" hostname="LAPTOP-C6KC9NEF" failures="0" tests="3" name="Test" time="54.145" errors="0" timestamp="2025-03-11T09:24:10 IST">
  <testcase classname="TestCaseDemo.Test1" name="TestTitle" time="0.243"/>
  <testcase classname="TestCaseDemo.Test2" name="Testloginbutton" time="6.784"/>
  <testcase classname="TestCaseDemo.Test3" name="TestMenu" time="13.039"/>
</testsuite> <!-- Test -->
