<?xml version="1.0" encoding="UTF-8"?>
<testng-results ignored="0" total="3" passed="3" failed="0" skipped="0">
  <reporter-output>
    <line>
      <![CDATA[Screenshot taken by name title]]>
    </line>
  </reporter-output>
  <suite started-at="2025-03-11T09:23:16 IST" name="Suite" finished-at="2025-03-11T09:24:10 IST" duration-ms="54145">
    <groups>
    </groups>
    <test started-at="2025-03-11T09:23:16 IST" name="Test" finished-at="2025-03-11T09:24:10 IST" duration-ms="54145">
      <class name="TestCaseDemo.Test1">
        <test-method is-config="true" signature="openbrowser()[pri:0, instance:TestCaseDemo.Test1@22f31dec]" started-at="2025-03-11T09:23:16 IST" name="openbrowser" finished-at="2025-03-11T09:23:25 IST" duration-ms="9602" status="PASS">
          <reporter-output>
          </reporter-output>
        </test-method> <!-- openbrowser -->
        <test-method signature="TestTitle(java.lang.String)[pri:1, instance:TestCaseDemo.Test1@22f31dec]" started-at="2025-03-11T09:23:25 IST" name="TestTitle" data-provider="title" finished-at="2025-03-11T09:23:26 IST" duration-ms="243" status="PASS">
          <params>
            <param index="0">
              <value>
                <![CDATA[OrangeHRM]]>
              </value>
            </param>
          </params>
          <reporter-output>
            <line>
              <![CDATA[Screenshot taken by name title]]>
            </line>
          </reporter-output>
        </test-method> <!-- TestTitle -->
        <test-method is-config="true" signature="closebrowser()[pri:0, instance:TestCaseDemo.Test1@22f31dec]" started-at="2025-03-11T09:23:26 IST" name="closebrowser" finished-at="2025-03-11T09:23:26 IST" duration-ms="227" status="PASS">
          <reporter-output>
          </reporter-output>
        </test-method> <!-- closebrowser -->
      </class> <!-- TestCaseDemo.Test1 -->
      <class name="TestCaseDemo.Test2">
        <test-method is-config="true" signature="openbrowser()[pri:0, instance:TestCaseDemo.Test2@21fd5faa]" started-at="2025-03-11T09:23:27 IST" name="openbrowser" finished-at="2025-03-11T09:23:35 IST" duration-ms="8750" status="PASS">
          <reporter-output>
          </reporter-output>
        </test-method> <!-- openbrowser -->
        <test-method signature="Testloginbutton(java.lang.String,java.lang.String,java.lang.String)[pri:0, instance:TestCaseDemo.Test2@21fd5faa]" started-at="2025-03-11T09:23:35 IST" name="Testloginbutton" data-provider="dp1" finished-at="2025-03-11T09:23:42 IST" duration-ms="6784" status="PASS">
          <params>
            <param index="0">
              <value>
                <![CDATA[Admin]]>
              </value>
            </param>
            <param index="1">
              <value>
                <![CDATA[admin123]]>
              </value>
            </param>
            <param index="2">
              <value>
                <![CDATA[Dashboard]]>
              </value>
            </param>
          </params>
          <reporter-output>
          </reporter-output>
        </test-method> <!-- Testloginbutton -->
        <test-method is-config="true" signature="closebrowser()[pri:0, instance:TestCaseDemo.Test2@21fd5faa]" started-at="2025-03-11T09:23:42 IST" name="closebrowser" finished-at="2025-03-11T09:23:47 IST" duration-ms="5341" status="PASS">
          <reporter-output>
          </reporter-output>
        </test-method> <!-- closebrowser -->
      </class> <!-- TestCaseDemo.Test2 -->
      <class name="TestCaseDemo.Test3">
        <test-method is-config="true" signature="openbrowser()[pri:0, instance:TestCaseDemo.Test3@2766ca9d]" started-at="2025-03-11T09:23:47 IST" name="openbrowser" finished-at="2025-03-11T09:23:56 IST" duration-ms="8936" status="PASS">
          <reporter-output>
          </reporter-output>
        </test-method> <!-- openbrowser -->
        <test-method signature="TestMenu()[pri:0, instance:TestCaseDemo.Test3@2766ca9d]" started-at="2025-03-11T09:23:56 IST" name="TestMenu" finished-at="2025-03-11T09:24:09 IST" duration-ms="13039" status="PASS">
          <reporter-output>
          </reporter-output>
        </test-method> <!-- TestMenu -->
        <test-method is-config="true" signature="closebrowser()[pri:0, instance:TestCaseDemo.Test3@2766ca9d]" started-at="2025-03-11T09:24:09 IST" name="closebrowser" finished-at="2025-03-11T09:24:10 IST" duration-ms="318" status="PASS">
          <reporter-output>
          </reporter-output>
        </test-method> <!-- closebrowser -->
      </class> <!-- TestCaseDemo.Test3 -->
    </test> <!-- Test -->
  </suite> <!-- Suite -->
</testng-results>
